<?xml version="1.0" encoding="UTF-8"?>
<!-- Generated by org.testng.reporters.JUnitXMLReporter -->
<testsuite ignored="0" hostname="Appventurezs-MacBook-Pro.local" failures="0" tests="3" name="Default test" time="27.282" errors="0" timestamp="2024-08-29T12:02:20 IST">
  <testcase classname="Practice.ConnexxtedDev.Android.Home" name="search" time="6.23"/>
  <testcase classname="Practice.ConnexxtedDev.Android.Home" name="clickOnTitle" time="2.769"/>
  <testcase classname="Practice.ConnexxtedDev.Android.Home" name="clickImage" time="4.339"/>
</testsuite> <!-- Default test -->
