<?xml version="1.0" encoding="UTF-8"?>
<!-- Generated by org.testng.reporters.JUnitXMLReporter -->
<testsuite ignored="1" hostname="AppventurezsMBP.Dlink" failures="0" tests="1" name="Default test" time="8.018" errors="0" timestamp="2024-08-09T12:22:50 IST">
  <testcase classname="Practice.ConnexxtedDev.Android.Login" name="Configure" time="8.0"/>
  <testcase classname="Practice.ConnexxtedDev.Android.Login" name="login" time="0.0">
    <ignored/>
  </testcase> <!-- login -->
</testsuite> <!-- Default test -->
