<?xml version="1.0" encoding="UTF-8"?>
<!-- Generated by org.testng.reporters.JUnitXMLReporter -->
<testsuite ignored="0" hostname="Appventurezs-MacBook-Pro.local" failures="0" tests="3" name="Home Page" time="0.092" errors="0" timestamp="2024-08-29T11:57:02 IST">
  <testcase classname="Practice.ConnexxtedDev.Android.Home" name="search" time="0.0">
    <skipped/>
  </testcase> <!-- search -->
  <testcase classname="Practice.ConnexxtedDev.Android.Home" name="clickOnTitle" time="0.0">
    <skipped/>
  </testcase> <!-- clickOnTitle -->
  <testcase classname="Practice.ConnexxtedDev.Android.Home" name="clickImage" time="0.0">
    <skipped/>
  </testcase> <!-- clickImage -->
</testsuite> <!-- Home Page -->
