<?xml version="1.0" encoding="UTF-8"?>
<!-- Generated by org.testng.reporters.JUnitXMLReporter -->
<testsuite ignored="0" hostname="Appventurezs-MacBook-Pro.local" failures="0" tests="3" name="Login" time="34.526" errors="0" timestamp="2024-08-29T11:57:01 IST">
  <testcase classname="Practice.ConnexxtedDev.Android.Login" name="invalidEmail" time="8.693"/>
  <testcase classname="Practice.ConnexxtedDev.Android.Login" name="validEmailInvalidPassword" time="7.408"/>
  <testcase classname="Practice.ConnexxtedDev.Android.Login" name="validEmailAndPassword" time="9.546"/>
</testsuite> <!-- Login -->
