<?xml version="1.0" encoding="UTF-8"?>
<testng-results ignored="0" total="1" passed="1" failed="0" skipped="0">
  <reporter-output>
  </reporter-output>
  <suite started-at="2024-08-11T20:18:09 IST" name="Suite" finished-at="2024-08-11T20:18:27 IST" duration-ms="17864">
    <groups>
    </groups>
    <test started-at="2024-08-11T20:18:09 IST" name="Test" finished-at="2024-08-11T20:18:27 IST" duration-ms="17864">
      <class name="Practice.ConnexxtedDev.Android.Login">
        <test-method is-config="true" signature="Configure()[pri:0, instance:Practice.ConnexxtedDev.Android.Login@12468a38]" started-at="2024-08-11T20:18:09 IST" name="Configure" finished-at="2024-08-11T20:18:16 IST" duration-ms="6605" status="PASS">
          <reporter-output>
          </reporter-output>
        </test-method> <!-- Configure -->
        <test-method signature="invalidEmail()[pri:0, instance:Practice.ConnexxtedDev.Android.Login@12468a38]" started-at="2024-08-11T20:18:16 IST" name="invalidEmail" finished-at="2024-08-11T20:18:22 IST" duration-ms="6358" status="PASS">
          <reporter-output>
          </reporter-output>
        </test-method> <!-- invalidEmail -->
        <test-method is-config="true" signature="tearDown()[pri:0, instance:Practice.ConnexxtedDev.Android.Login@12468a38]" started-at="2024-08-11T20:18:22 IST" name="tearDown" finished-at="2024-08-11T20:18:27 IST" duration-ms="4869" status="PASS">
          <reporter-output>
          </reporter-output>
        </test-method> <!-- tearDown -->
      </class> <!-- Practice.ConnexxtedDev.Android.Login -->
    </test> <!-- Test -->
  </suite> <!-- Suite -->
</testng-results>
