<?xml version="1.0" encoding="UTF-8"?>
<testng-results ignored="0" total="3" passed="3" failed="0" skipped="0">
  <reporter-output>
  </reporter-output>
  <suite started-at="2024-08-29T12:01:48 IST" name="Default suite" finished-at="2024-08-29T12:02:15 IST" duration-ms="27282">
    <groups>
    </groups>
    <test started-at="2024-08-29T12:01:48 IST" name="Default test" finished-at="2024-08-29T12:02:15 IST" duration-ms="27282">
      <class name="Practice.ConnexxtedDev.Android.Home">
        <test-method is-config="true" signature="Configure()[pri:0, instance:Practice.ConnexxtedDev.Android.Home@4550bb58]" started-at="2024-08-29T12:01:48 IST" name="Configure" finished-at="2024-08-29T12:01:56 IST" duration-ms="7851" status="PASS">
          <reporter-output>
          </reporter-output>
        </test-method> <!-- Configure -->
        <test-method is-config="true" signature="validEmailAndPassword()[pri:0, instance:Practice.ConnexxtedDev.Android.Home@4550bb58]" started-at="2024-08-29T12:01:56 IST" name="validEmailAndPassword" finished-at="2024-08-29T12:02:02 IST" duration-ms="6063" status="PASS">
          <reporter-output>
          </reporter-output>
        </test-method> <!-- validEmailAndPassword -->
        <test-method signature="search()[pri:1, instance:Practice.ConnexxtedDev.Android.Home@4550bb58]" started-at="2024-08-29T12:02:02 IST" name="search" finished-at="2024-08-29T12:02:08 IST" duration-ms="6230" status="PASS">
          <reporter-output>
          </reporter-output>
        </test-method> <!-- search -->
        <test-method signature="clickOnTitle()[pri:2, instance:Practice.ConnexxtedDev.Android.Home@4550bb58]" started-at="2024-08-29T12:02:08 IST" name="clickOnTitle" finished-at="2024-08-29T12:02:11 IST" duration-ms="2769" status="PASS">
          <reporter-output>
          </reporter-output>
        </test-method> <!-- clickOnTitle -->
        <test-method signature="clickImage()[pri:3, instance:Practice.ConnexxtedDev.Android.Home@4550bb58]" started-at="2024-08-29T12:02:11 IST" name="clickImage" finished-at="2024-08-29T12:02:15 IST" duration-ms="4339" status="PASS">
          <reporter-output>
          </reporter-output>
        </test-method> <!-- clickImage -->
      </class> <!-- Practice.ConnexxtedDev.Android.Home -->
    </test> <!-- Default test -->
  </suite> <!-- Default suite -->
</testng-results>
